[2023-03-23 07:55:34,161] {taskinstance.py:1159} INFO - Dependencies all met for <TaskInstance: attack_dag2.attack manual__2023-03-23T07:55:33.119485+00:00 [queued]>
[2023-03-23 07:55:34,169] {taskinstance.py:1159} INFO - Dependencies all met for <TaskInstance: attack_dag2.attack manual__2023-03-23T07:55:33.119485+00:00 [queued]>
[2023-03-23 07:55:34,169] {taskinstance.py:1356} INFO - 
--------------------------------------------------------------------------------
[2023-03-23 07:55:34,170] {taskinstance.py:1357} INFO - Starting attempt 1 of 1
[2023-03-23 07:55:34,170] {taskinstance.py:1358} INFO - 
--------------------------------------------------------------------------------
[2023-03-23 07:55:34,180] {taskinstance.py:1377} INFO - Executing <Task(PythonOperator): attack> on 2023-03-23 07:55:33.119485+00:00
[2023-03-23 07:55:34,185] {standard_task_runner.py:52} INFO - Started process 143 to run task
[2023-03-23 07:55:34,187] {standard_task_runner.py:79} INFO - Running: ['***', 'tasks', 'run', 'attack_dag2', 'attack', 'manual__2023-03-23T07:55:33.119485+00:00', '--job-id', '2152', '--raw', '--subdir', 'DAGS_FOLDER/attack.py', '--cfg-path', '/tmp/tmpmts0v1_y', '--error-file', '/tmp/tmp_dyw8ztj']
[2023-03-23 07:55:34,188] {standard_task_runner.py:80} INFO - Job 2152: Subtask attack
[2023-03-23 07:55:34,233] {task_command.py:369} INFO - Running <TaskInstance: attack_dag2.attack manual__2023-03-23T07:55:33.119485+00:00 [running]> on host 6447f1dacd32
[2023-03-23 07:55:34,286] {taskinstance.py:1571} INFO - Exporting the following env vars:
AIRFLOW_CTX_DAG_OWNER=***
AIRFLOW_CTX_DAG_ID=attack_dag2
AIRFLOW_CTX_TASK_ID=attack
AIRFLOW_CTX_EXECUTION_DATE=2023-03-23T07:55:33.119485+00:00
AIRFLOW_CTX_TRY_NUMBER=1
AIRFLOW_CTX_DAG_RUN_ID=manual__2023-03-23T07:55:33.119485+00:00
[2023-03-23 07:55:34,292] {transport.py:157} INFO - Attempting refresh to obtain initial access_token
[2023-03-23 07:55:34,295] {client.py:777} INFO - Refreshing access_token
[2023-03-23 07:55:35,474] {taskinstance.py:1889} ERROR - Task failed with exception
Traceback (most recent call last):
  File "/opt/airflow/dags/attack.py", line 50, in attack_A
    counter.cycles += 1
AttributeError: 'ValueError' object has no attribute 'cycles'

During handling of the above exception, another exception occurred:

Traceback (most recent call last):
  File "/home/airflow/.local/lib/python3.7/site-packages/airflow/operators/python.py", line 171, in execute
    return_value = self.execute_callable()
  File "/home/airflow/.local/lib/python3.7/site-packages/airflow/operators/python.py", line 189, in execute_callable
    return self.python_callable(*self.op_args, **self.op_kwargs)
  File "/opt/airflow/dags/attack.py", line 62, in attack_A
    set_counter(new_counter)
  File "/opt/airflow/dags/attack.py", line 35, in set_counter
    os.environ["DONT_PICKLE"] = False
  File "/usr/local/lib/python3.7/os.py", line 686, in __setitem__
    value = self.encodevalue(value)
  File "/usr/local/lib/python3.7/os.py", line 756, in encode
    raise TypeError("str expected, not %s" % type(value).__name__)
TypeError: str expected, not bool
[2023-03-23 07:55:35,482] {taskinstance.py:1400} INFO - Marking task as FAILED. dag_id=attack_dag2, task_id=attack, execution_date=20230323T075533, start_date=20230323T075534, end_date=20230323T075535
[2023-03-23 07:55:35,493] {standard_task_runner.py:97} ERROR - Failed to execute job 2152 for task attack (str expected, not bool; 143)
[2023-03-23 07:55:35,527] {local_task_job.py:156} INFO - Task exited with return code 1
[2023-03-23 07:55:35,558] {local_task_job.py:273} INFO - 0 downstream tasks scheduled from follow-on schedule check
