[2023-03-23 08:58:54,357] {taskinstance.py:1159} INFO - Dependencies all met for <TaskInstance: defence_dag2.to_attack manual__2023-03-23T08:57:33.557855+00:00 [queued]>
[2023-03-23 08:58:54,366] {taskinstance.py:1159} INFO - Dependencies all met for <TaskInstance: defence_dag2.to_attack manual__2023-03-23T08:57:33.557855+00:00 [queued]>
[2023-03-23 08:58:54,367] {taskinstance.py:1356} INFO - 
--------------------------------------------------------------------------------
[2023-03-23 08:58:54,367] {taskinstance.py:1357} INFO - Starting attempt 1 of 1
[2023-03-23 08:58:54,370] {taskinstance.py:1358} INFO - 
--------------------------------------------------------------------------------
[2023-03-23 08:58:54,384] {taskinstance.py:1377} INFO - Executing <Task(BranchPythonOperator): to_attack> on 2023-03-23 08:57:33.557855+00:00
[2023-03-23 08:58:54,388] {standard_task_runner.py:52} INFO - Started process 70 to run task
[2023-03-23 08:58:54,391] {standard_task_runner.py:79} INFO - Running: ['***', 'tasks', 'run', 'defence_dag2', 'to_attack', 'manual__2023-03-23T08:57:33.557855+00:00', '--job-id', '2250', '--raw', '--subdir', 'DAGS_FOLDER/defese.py', '--cfg-path', '/tmp/tmp7ah61bi2', '--error-file', '/tmp/tmpeqiwp6c_']
[2023-03-23 08:58:54,392] {standard_task_runner.py:80} INFO - Job 2250: Subtask to_attack
[2023-03-23 08:58:54,444] {task_command.py:369} INFO - Running <TaskInstance: defence_dag2.to_attack manual__2023-03-23T08:57:33.557855+00:00 [running]> on host 6447f1dacd32
[2023-03-23 08:58:54,563] {taskinstance.py:1571} INFO - Exporting the following env vars:
AIRFLOW_CTX_DAG_OWNER=***
AIRFLOW_CTX_DAG_ID=defence_dag2
AIRFLOW_CTX_TASK_ID=to_attack
AIRFLOW_CTX_EXECUTION_DATE=2023-03-23T08:57:33.557855+00:00
AIRFLOW_CTX_TRY_NUMBER=1
AIRFLOW_CTX_DAG_RUN_ID=manual__2023-03-23T08:57:33.557855+00:00
[2023-03-23 08:58:54,572] {transport.py:157} INFO - Attempting refresh to obtain initial access_token
[2023-03-23 08:58:54,575] {client.py:777} INFO - Refreshing access_token
[2023-03-23 08:58:55,764] {taskinstance.py:1889} ERROR - Task failed with exception
Traceback (most recent call last):
  File "/opt/airflow/dags/defese.py", line 49, in to_attack
    cycles = pickle.load(f)
ValueError: unsupported pickle protocol: 5

During handling of the above exception, another exception occurred:

Traceback (most recent call last):
  File "/home/airflow/.local/lib/python3.7/site-packages/airflow/operators/python.py", line 207, in execute
    branch = super().execute(context)
  File "/home/airflow/.local/lib/python3.7/site-packages/airflow/operators/python.py", line 171, in execute
    return_value = self.execute_callable()
  File "/home/airflow/.local/lib/python3.7/site-packages/airflow/operators/python.py", line 189, in execute_callable
    return self.python_callable(*self.op_args, **self.op_kwargs)
  File "/opt/airflow/dags/defese.py", line 51, in to_attack
    ti.xcom.push(key='Error', value=err)
AttributeError: 'TaskInstance' object has no attribute 'xcom'
[2023-03-23 08:58:55,774] {taskinstance.py:1400} INFO - Marking task as FAILED. dag_id=defence_dag2, task_id=to_attack, execution_date=20230323T085733, start_date=20230323T085854, end_date=20230323T085855
[2023-03-23 08:58:55,784] {standard_task_runner.py:97} ERROR - Failed to execute job 2250 for task to_attack ('TaskInstance' object has no attribute 'xcom'; 70)
[2023-03-23 08:58:55,812] {local_task_job.py:156} INFO - Task exited with return code 1
[2023-03-23 08:58:55,849] {local_task_job.py:273} INFO - 0 downstream tasks scheduled from follow-on schedule check
