[2023-03-23 07:54:57,124] {taskinstance.py:1159} INFO - Dependencies all met for <TaskInstance: attack_dag2.attack scheduled__2023-03-19T00:00:00+00:00 [queued]>
[2023-03-23 07:54:57,198] {taskinstance.py:1159} INFO - Dependencies all met for <TaskInstance: attack_dag2.attack scheduled__2023-03-19T00:00:00+00:00 [queued]>
[2023-03-23 07:54:57,199] {taskinstance.py:1356} INFO - 
--------------------------------------------------------------------------------
[2023-03-23 07:54:57,200] {taskinstance.py:1357} INFO - Starting attempt 1 of 1
[2023-03-23 07:54:57,215] {taskinstance.py:1358} INFO - 
--------------------------------------------------------------------------------
[2023-03-23 07:54:57,261] {taskinstance.py:1377} INFO - Executing <Task(PythonOperator): attack> on 2023-03-19 00:00:00+00:00
[2023-03-23 07:54:57,284] {standard_task_runner.py:52} INFO - Started process 71 to run task
[2023-03-23 07:54:57,310] {standard_task_runner.py:79} INFO - Running: ['***', 'tasks', 'run', 'attack_dag2', 'attack', 'scheduled__2023-03-19T00:00:00+00:00', '--job-id', '2129', '--raw', '--subdir', 'DAGS_FOLDER/attack.py', '--cfg-path', '/tmp/tmpjgq3gm29', '--error-file', '/tmp/tmpseadsu3f']
[2023-03-23 07:54:57,312] {standard_task_runner.py:80} INFO - Job 2129: Subtask attack
[2023-03-23 07:54:57,524] {task_command.py:369} INFO - Running <TaskInstance: attack_dag2.attack scheduled__2023-03-19T00:00:00+00:00 [running]> on host 6447f1dacd32
[2023-03-23 07:54:57,714] {taskinstance.py:1571} INFO - Exporting the following env vars:
AIRFLOW_CTX_DAG_OWNER=***
AIRFLOW_CTX_DAG_ID=attack_dag2
AIRFLOW_CTX_TASK_ID=attack
AIRFLOW_CTX_EXECUTION_DATE=2023-03-19T00:00:00+00:00
AIRFLOW_CTX_TRY_NUMBER=1
AIRFLOW_CTX_DAG_RUN_ID=scheduled__2023-03-19T00:00:00+00:00
[2023-03-23 07:54:57,728] {transport.py:157} INFO - Attempting refresh to obtain initial access_token
[2023-03-23 07:54:57,738] {client.py:777} INFO - Refreshing access_token
[2023-03-23 07:54:59,563] {taskinstance.py:1889} ERROR - Task failed with exception
Traceback (most recent call last):
  File "/opt/airflow/dags/attack.py", line 50, in attack_A
    counter.cycles += 1
AttributeError: 'ValueError' object has no attribute 'cycles'

During handling of the above exception, another exception occurred:

Traceback (most recent call last):
  File "/home/airflow/.local/lib/python3.7/site-packages/airflow/operators/python.py", line 171, in execute
    return_value = self.execute_callable()
  File "/home/airflow/.local/lib/python3.7/site-packages/airflow/operators/python.py", line 189, in execute_callable
    return self.python_callable(*self.op_args, **self.op_kwargs)
  File "/opt/airflow/dags/attack.py", line 62, in attack_A
    set_counter(new_counter)
  File "/opt/airflow/dags/attack.py", line 35, in set_counter
    os.environ["DONT_PICKLE"] = False
  File "/usr/local/lib/python3.7/os.py", line 686, in __setitem__
    value = self.encodevalue(value)
  File "/usr/local/lib/python3.7/os.py", line 756, in encode
    raise TypeError("str expected, not %s" % type(value).__name__)
TypeError: str expected, not bool
[2023-03-23 07:54:59,580] {taskinstance.py:1400} INFO - Marking task as FAILED. dag_id=attack_dag2, task_id=attack, execution_date=20230319T000000, start_date=20230323T075457, end_date=20230323T075459
[2023-03-23 07:54:59,605] {standard_task_runner.py:97} ERROR - Failed to execute job 2129 for task attack (str expected, not bool; 71)
[2023-03-23 07:54:59,651] {local_task_job.py:156} INFO - Task exited with return code 1
[2023-03-23 07:54:59,718] {local_task_job.py:273} INFO - 0 downstream tasks scheduled from follow-on schedule check
